TN:
SF:src/index.ts
FN:37,(anonymous_1)
FN:64,(anonymous_2)
FN:90,(anonymous_3)
FN:117,(anonymous_4)
FN:144,(anonymous_5)
FN:197,(anonymous_6)
FN:198,(anonymous_7)
FN:215,selectRepositories
FN:221,(anonymous_9)
FN:242,(anonymous_10)
FN:295,(anonymous_11)
FN:296,(anonymous_12)
FNF:12
FNH:0
FNDA:0,(anonymous_1)
FNDA:0,(anonymous_2)
FNDA:0,(anonymous_3)
FNDA:0,(anonymous_4)
FNDA:0,(anonymous_5)
FNDA:0,(anonymous_6)
FNDA:0,(anonymous_7)
FNDA:0,selectRepositories
FNDA:0,(anonymous_9)
FNDA:0,(anonymous_10)
FNDA:0,(anonymous_11)
FNDA:0,(anonymous_12)
DA:10,0
DA:11,0
DA:12,0
DA:13,0
DA:23,0
DA:25,0
DA:27,0
DA:33,0
DA:38,0
DA:40,0
DA:41,0
DA:42,0
DA:43,0
DA:46,0
DA:49,0
DA:52,0
DA:54,0
DA:55,0
DA:56,0
DA:59,0
DA:64,0
DA:65,0
DA:66,0
DA:67,0
DA:68,0
DA:69,0
DA:72,0
DA:73,0
DA:74,0
DA:75,0
DA:78,0
DA:86,0
DA:91,0
DA:93,0
DA:94,0
DA:95,0
DA:96,0
DA:99,0
DA:102,0
DA:105,0
DA:107,0
DA:108,0
DA:109,0
DA:112,0
DA:117,0
DA:118,0
DA:119,0
DA:120,0
DA:121,0
DA:122,0
DA:123,0
DA:126,0
DA:127,0
DA:128,0
DA:129,0
DA:132,0
DA:139,0
DA:145,0
DA:147,0
DA:148,0
DA:149,0
DA:150,0
DA:153,0
DA:156,0
DA:159,0
DA:161,0
DA:162,0
DA:163,0
DA:166,0
DA:169,0
DA:171,0
DA:172,0
DA:173,0
DA:177,0
DA:178,0
DA:187,0
DA:188,0
DA:189,0
DA:194,0
DA:197,0
DA:198,0
DA:200,0
DA:201,0
DA:202,0
DA:203,0
DA:206,0
DA:216,0
DA:221,0
DA:232,0
DA:237,0
DA:243,0
DA:245,0
DA:246,0
DA:247,0
DA:248,0
DA:251,0
DA:254,0
DA:257,0
DA:259,0
DA:260,0
DA:261,0
DA:264,0
DA:267,0
DA:269,0
DA:270,0
DA:271,0
DA:275,0
DA:276,0
DA:285,0
DA:286,0
DA:287,0
DA:292,0
DA:295,0
DA:296,0
DA:298,0
DA:299,0
DA:300,0
DA:301,0
DA:304,0
DA:312,0
LF:120
LH:0
BRDA:40,0,0,0
BRDA:54,1,0,0
BRDA:66,2,0,0
BRDA:66,2,1,0
BRDA:68,3,0,0
BRDA:68,3,1,0
BRDA:73,4,0,0
BRDA:80,5,0,0
BRDA:80,5,1,0
BRDA:93,6,0,0
BRDA:107,7,0,0
BRDA:120,8,0,0
BRDA:120,8,1,0
BRDA:122,9,0,0
BRDA:122,9,1,0
BRDA:127,10,0,0
BRDA:134,11,0,0
BRDA:134,11,1,0
BRDA:147,12,0,0
BRDA:161,13,0,0
BRDA:171,14,0,0
BRDA:177,15,0,0
BRDA:187,16,0,0
BRDA:202,17,0,0
BRDA:208,18,0,0
BRDA:208,18,1,0
BRDA:215,19,0,0
BRDA:222,20,0,0
BRDA:222,20,1,0
BRDA:245,21,0,0
BRDA:259,22,0,0
BRDA:269,23,0,0
BRDA:275,24,0,0
BRDA:285,25,0,0
BRDA:300,26,0,0
BRDA:306,27,0,0
BRDA:306,27,1,0
BRF:37
BRH:0
end_of_record
TN:
SF:src/repository-functions.ts
FN:26,(anonymous_0)
FN:33,fetchAllRepositories
FN:55,(anonymous_2)
FN:59,fetchForkRepositories
FN:81,(anonymous_4)
FN:85,archiveRepositories
FN:120,deleteRepositories
FNF:7
FNH:7
FNDA:8,(anonymous_0)
FNDA:3,fetchAllRepositories
FNDA:105,(anonymous_2)
FNDA:1,fetchForkRepositories
FNDA:4,(anonymous_4)
FNDA:2,archiveRepositories
FNDA:2,deleteRepositories
DA:1,1
DA:26,1
DA:27,8
DA:33,1
DA:34,3
DA:35,3
DA:36,3
DA:37,3
DA:39,3
DA:40,4
DA:48,3
DA:50,3
DA:51,3
DA:55,105
DA:59,1
DA:60,1
DA:61,1
DA:62,1
DA:63,1
DA:65,1
DA:66,1
DA:74,1
DA:76,1
DA:77,1
DA:81,4
DA:85,1
DA:89,2
DA:90,2
DA:91,2
DA:93,2
DA:95,2
DA:96,4
DA:97,4
DA:99,4
DA:105,3
DA:106,3
DA:108,1
DA:109,1
DA:112,1
DA:116,2
DA:120,1
DA:124,2
DA:125,2
DA:126,2
DA:128,2
DA:130,2
DA:131,2
DA:132,2
DA:134,2
DA:139,1
DA:140,1
DA:142,1
DA:143,1
DA:146,1
DA:150,2
LF:55
LH:55
BRDA:55,0,0,105
BRDA:55,0,1,104
BRDA:81,1,0,4
BRDA:81,1,1,1
BRDA:110,2,0,1
BRDA:110,2,1,0
BRDA:144,3,0,1
BRDA:144,3,1,0
BRF:8
BRH:6
end_of_record
